<?xml version="1.0" encoding="UTF-8"?>
<!-- Generated by org.testng.reporters.JUnitXMLReporter -->
<testsuite ignored="0" hostname="LAPTOP-E8T0R53H" failures="1" tests="2" name="Test" time="54.306" errors="0" timestamp="2022-12-19T17:22:59 IST">
  <testcase classname="TestCases.LoginTestCases" name="login" time="1.252">
    <failure type="java.lang.AssertionError" message="The following asserts failed:
	expected [Pleas check your username and password. If you still can&amp;apos;t log in, contact your Salesforce administrator.] but found [Please check your username and password. If you still can&amp;apos;t log in, contact your Salesforce administrator.]">
      <![CDATA[java.lang.AssertionError: The following asserts failed:
expected [Pleas check your username and password. If you still can't log in, contact your Salesforce administrator.] but found [Please check your username and password. If you still can't log in, contact your Salesforce administrator.]
at Resources.commonmethods.handleassertion(commonmethods.java:14)
at TestCases.LoginTestCases.login(LoginTestCases.java:22)
at java.base/java.util.ArrayList.forEach(ArrayList.java:1511)
... Removed 29 stack frames]]>
    </failure>
  </testcase> <!-- login -->
  <testcase classname="TestCases.signuptestcases" name="signup" time="21.577"/>
</testsuite> <!-- Test -->
